\BOOKMARK [1][-]{section.1}{\376\377\000M\036\345\000c\000\040\000t\000i\000\352\000u\000\040\000v\000\340\000\040\000p\000h\036\241\000m\000\040\000v\000i\000\040\000p\000h\036\247\000n\000\040\000v\000i\036\307\000c}{}% 1
\BOOKMARK [2][-]{subsection.1.1}{\376\377\000\301\000n\000h\000\040\000x\036\241\000\040\000k\000h\000\341\000i\000\040\000n\000i\036\307\000m\000\040\000\040\000f\000i\000l\000e\000\040\000c\000o\000d\000e\000\040\000\040\000v\000a\000i\000\040\000t\000r\000\362}{section.1}% 2
\BOOKMARK [1][-]{section.2}{\376\377\000K\000i\036\277\000n\000\040\000t\000r\000\372\000c\000\040\000t\036\325\000n\000g\000\040\000t\000h\036\303\000\040\000v\000\340\000\040\000v\036\313\000\040\000t\000r\000\355\000\040\000c\036\347\000a\000\040\000t\000h\000\340\000n\000h\000\040\000v\000i\000\352\000n\000\040\000t\000r\000o\000n\000g\000\040\000h\036\307\000\040\000t\000h\036\321\000n\000g}{}% 3
\BOOKMARK [2][-]{subsection.2.1}{\376\377\000L\000u\036\323\000n\000g\000\040\000t\000h\000u\000\040\000h\036\323\000i\000\040\000e\000n\000d\000-\000t\000o\000-\000e\000n\000d}{section.2}% 4
\BOOKMARK [2][-]{subsection.2.2}{\376\377\000B\036\243\000n\000g\000\040\000v\036\313\000\040\000t\000r\000\355\000\040\000m\000o\000d\000u\000l\000e\000\040\000t\000r\000o\000n\000g\000\040\000t\000o\000\340\000n\000\040\000h\036\307\000\040\000t\000h\036\321\000n\000g}{section.2}% 5
\BOOKMARK [1][-]{section.3}{\376\377\000P\000h\036\247\000n\000\040\000c\000o\000d\000e\000\040\000c\036\247\000n\000\040\000l\000\340\000m\000\040\000\050\000c\000h\000i\000\040\000t\000i\036\277\000t\000\051}{}% 6
\BOOKMARK [2][-]{subsection.3.1}{\376\377\000V\000\362\000n\000g\000\040\001\021\036\335\000i\000\040\000c\000e\000r\000t\000:\000\040\000s\000u\000y\000\040\000r\000a\000\040\000t\000r\036\241\000n\000g\000\040\000t\000h\000\341\000i\000\040\001\021\036\331\000n\000g}{section.3}% 7
\BOOKMARK [2][-]{subsection.3.2}{\376\377\000R\000e\000v\000o\000k\000e\000\040\000v\000\340\000\040\000R\000e\000n\000e\000w\000\040\000m\036\331\000t\000\040\000c\000h\036\351\000n\000g\000\040\000c\000h\036\311}{section.3}% 8
\BOOKMARK [2][-]{subsection.3.3}{\376\377\000W\000o\000r\000k\000f\000l\000o\000w\000\040\000t\000h\000u\000\040\000h\036\323\000i\000\040\000h\000a\000i\000\040\000p\000h\000\355\000a}{section.3}% 9
\BOOKMARK [2][-]{subsection.3.4}{\376\377\000L\000\365\000i\000\040\000C\000R\000L\000\040\000v\000\340\000\040\000O\000C\000S\000P\000\040\000D\000B\000\040\000\050\000c\000o\000r\000e\000/\000c\000r\000l\000.\000p\000y\000\051}{section.3}% 10
\BOOKMARK [2][-]{subsection.3.5}{\376\377\000S\000n\000a\000p\000s\000h\000o\000t\000\040\000v\000\340\000\040\000p\000u\000b\000l\000i\000s\000h\000\040\000C\000R\000L\000\040\000\050\000c\000r\000l\000\137\000p\000u\000b\000l\000i\000s\000h\000.\000p\000y\000\051}{section.3}% 11
\BOOKMARK [2][-]{subsection.3.6}{\376\377\000H\036\241\000\040\000t\036\247\000n\000g\000\040\000m\000\341\000y\000\040\000c\000h\036\347\000:\000\040\000C\000R\000L\000\040\000s\000e\000r\000v\000e\000r}{section.3}% 12
\BOOKMARK [2][-]{subsection.3.7}{\376\377\000H\036\241\000\040\000t\036\247\000n\000g\000\040\000m\000\341\000y\000\040\000c\000h\036\347\000:\000\040\000O\000C\000S\000P\000\040\000r\000e\000s\000p\000o\000n\000d\000e\000r}{section.3}% 13
\BOOKMARK [2][-]{subsection.3.8}{\376\377\000Q\000u\036\243\000n\000\040\000l\000\375\000\040\000v\000\362\000n\000g\000\040\001\021\036\335\000i\000\040\0004\000\040\000s\000e\000r\000v\000e\000r\000:\000\040\000i\000n\000f\000r\000a\000\137\000m\000a\000n\000a\000g\000e\000r}{section.3}% 14
\BOOKMARK [2][-]{subsection.3.9}{\376\377\000G\000i\000a\000o\000\040\000d\000i\036\307\000n\000\040\000n\000g\001\260\036\335\000i\000\040\000d\000\371\000n\000g\000\040\000\050\000U\000I\000\051}{section.3}% 15
\BOOKMARK [1][-]{section.4}{\376\377\000C\036\247\000n\000\040\000n\036\257\000m\000\040\001\021\036\303\000\040\000v\036\245\000n\000\040\001\021\000\341\000p}{}% 16
\BOOKMARK [1][-]{section.5}{\376\377\000T\000e\000s\000t\000\040\000c\000a\000s\000e\000\040\000v\000\340\000\040\000d\000e\000m\000o}{}% 17
\BOOKMARK [2][-]{subsection.5.1}{\376\377\000B\036\243\000n\000g\000\040\000t\000e\000s\000t\000\040\000c\000a\000s\000e\000\040\000c\000h\000\355\000n\000h}{section.5}% 18
\BOOKMARK [2][-]{subsection.5.2}{\376\377\001\020\000o\036\241\000n\000\040\000u\000n\000i\000t\000\040\000t\000e\000s\000t\000\040\000g\036\343\000i\000\040\000\375}{section.5}% 19
\BOOKMARK [2][-]{subsection.5.3}{\376\377\000K\036\313\000c\000h\000\040\000b\036\243\000n\000\040\000d\000e\000m\000o\000\040\000c\000h\000o\000\040\000h\036\331\000i\000\040\001\021\036\323\000n\000g}{section.5}% 20
\BOOKMARK [1][-]{section.6}{\376\377\000T\000\355\000c\000h\000\040\000h\036\343\000p\000\040\000v\000\340\000o\000\040\000c\000h\001\260\001\241\000n\000g\000\040\000t\000r\000\354\000n\000h\000\040\000c\000h\000u\000n\000g}{}% 21
\BOOKMARK [1][-]{section.7}{\376\377\000B\036\325\000\040\000s\000u\000n\000g\000\040\000s\000a\000u\000\040\000r\000\340\000\040\000s\000o\000\341\000t\000:\000\040\000c\000\341\000c\000\040\000h\000\340\000m\000/\000f\000e\000a\000t\000u\000r\000e\000\040\000d\036\305\000\040\000b\036\313\000\040\000h\036\317\000i}{}% 22
\BOOKMARK [1][-]{section.8}{\376\377\000C\000h\000e\000c\000k\000l\000i\000s\000t\000\040\000c\000h\000u\036\251\000n\000\040\000b\036\313\000\040\000v\036\245\000n\000\040\001\021\000\341\000p}{}% 23
